  Skeleton.cpp
C:\Users\Dell\Documents\Grafika\Hf3\Programs\Skeleton\Skeleton\framework.h(167,17): warning C4996: 'fopen': This function or variable may be unsafe. Consider using fopen_s instead. To disable deprecation, use _CRT_SECURE_NO_WARNINGS. See online help for details.
C:\Users\Dell\Documents\Grafika\Hf3\Programs\Skeleton\Skeleton\Skeleton.cpp(143,1): warning C4305: '=': truncation from 'double' to 'float'
C:\Users\Dell\Documents\Grafika\Hf3\Programs\Skeleton\Skeleton\Skeleton.cpp(156,9): warning C4244: 'argument': conversion from 'double' to 'float', possible loss of data
C:\Users\Dell\Documents\Grafika\Hf3\Programs\Skeleton\Skeleton\Skeleton.cpp(155,17): warning C4244: 'argument': conversion from 'double' to 'float', possible loss of data
C:\Users\Dell\Documents\Grafika\Hf3\Programs\Skeleton\Skeleton\Skeleton.cpp(283,34): warning C4244: 'argument': conversion from 'double' to 'float', possible loss of data
C:\Users\Dell\Documents\Grafika\Hf3\Programs\Skeleton\Skeleton\Skeleton.cpp(283,73): warning C4244: 'argument': conversion from 'double' to 'float', possible loss of data
C:\Users\Dell\Documents\Grafika\Hf3\Programs\Skeleton\Skeleton\Skeleton.cpp(283,90): warning C4244: 'argument': conversion from 'double' to 'float', possible loss of data
C:\Users\Dell\Documents\Grafika\Hf3\Programs\Skeleton\Skeleton\Skeleton.cpp(283,106): warning C4244: 'argument': conversion from 'double' to 'float', possible loss of data
C:\Users\Dell\Documents\Grafika\Hf3\Programs\Skeleton\Skeleton\Skeleton.cpp(283,42): warning C4244: 'argument': conversion from 'double' to 'float', possible loss of data
C:\Users\Dell\Documents\Grafika\Hf3\Programs\Skeleton\Skeleton\Skeleton.cpp(319,11): warning C4244: 'initializing': conversion from 'double' to 'float', possible loss of data
C:\Users\Dell\Documents\Grafika\Hf3\Programs\Skeleton\Skeleton\Skeleton.cpp(320,32): warning C4244: 'argument': conversion from 'double' to 'float', possible loss of data
C:\Users\Dell\Documents\Grafika\Hf3\Programs\Skeleton\Skeleton\Skeleton.cpp(320,20): warning C4244: 'argument': conversion from 'double' to 'float', possible loss of data
C:\Users\Dell\Documents\Grafika\Hf3\Programs\Skeleton\Skeleton\Skeleton.cpp(360,11): warning C4244: 'initializing': conversion from 'double' to 'float', possible loss of data
C:\Users\Dell\Documents\Grafika\Hf3\Programs\Skeleton\Skeleton\Skeleton.cpp(402,50): warning C4244: 'argument': conversion from 'double' to 'float', possible loss of data
C:\Users\Dell\Documents\Grafika\Hf3\Programs\Skeleton\Skeleton\Skeleton.cpp(402,24): warning C4244: 'argument': conversion from 'double' to 'float', possible loss of data
C:\Users\Dell\Documents\Grafika\Hf3\Programs\Skeleton\Skeleton\Skeleton.cpp(438,50): warning C4244: 'argument': conversion from 'double' to 'float', possible loss of data
C:\Users\Dell\Documents\Grafika\Hf3\Programs\Skeleton\Skeleton\Skeleton.cpp(438,32): warning C4244: 'argument': conversion from 'double' to 'float', possible loss of data
C:\Users\Dell\Documents\Grafika\Hf3\Programs\Skeleton\Skeleton\Skeleton.cpp(526,55): warning C4244: 'argument': conversion from 'double' to 'float', possible loss of data
C:\Users\Dell\Documents\Grafika\Hf3\Programs\Skeleton\Skeleton\Skeleton.cpp(527,60): warning C4244: 'argument': conversion from 'double' to 'float', possible loss of data
C:\Users\Dell\Documents\Grafika\Hf3\Programs\Skeleton\Skeleton\Skeleton.cpp(528,55): warning C4244: 'argument': conversion from 'double' to 'float', possible loss of data
C:\Users\Dell\Documents\Grafika\Hf3\Programs\Skeleton\Skeleton\Skeleton.cpp(529,55): warning C4244: 'argument': conversion from 'double' to 'float', possible loss of data
C:\Users\Dell\Documents\Grafika\Hf3\Programs\Skeleton\Skeleton\Skeleton.cpp(535,1): warning C4305: 'argument': truncation from 'double' to 'float'
C:\Users\Dell\Documents\Grafika\Hf3\Programs\Skeleton\Skeleton\Skeleton.cpp(536,1): warning C4305: 'argument': truncation from 'double' to 'float'
C:\Users\Dell\Documents\Grafika\Hf3\Programs\Skeleton\Skeleton\Skeleton.cpp(540,1): warning C4305: 'argument': truncation from 'double' to 'float'
C:\Users\Dell\Documents\Grafika\Hf3\Programs\Skeleton\Skeleton\Skeleton.cpp(541,1): warning C4305: 'argument': truncation from 'double' to 'float'
C:\Users\Dell\Documents\Grafika\Hf3\Programs\Skeleton\Skeleton\Skeleton.cpp(550,1): warning C4305: 'argument': truncation from 'double' to 'float'
C:\Users\Dell\Documents\Grafika\Hf3\Programs\Skeleton\Skeleton\Skeleton.cpp(553,1): warning C4305: 'argument': truncation from 'double' to 'float'
C:\Users\Dell\Documents\Grafika\Hf3\Programs\Skeleton\Skeleton\Skeleton.cpp(562,1): warning C4305: 'argument': truncation from 'double' to 'float'
C:\Users\Dell\Documents\Grafika\Hf3\Programs\Skeleton\Skeleton\Skeleton.cpp(607,21): warning C4244: '+=': conversion from 'double' to 'float', possible loss of data
C:\Users\Dell\Documents\Grafika\Hf3\Programs\Skeleton\Skeleton\Skeleton.cpp(610,70): warning C4244: 'argument': conversion from 'double' to 'float', possible loss of data
C:\Users\Dell\Documents\Grafika\Hf3\Programs\Skeleton\Skeleton\Skeleton.cpp(610,37): warning C4244: 'argument': conversion from 'double' to 'float', possible loss of data
  Generating code
  1 of 207 functions ( 0.5%) were compiled, the rest were copied from previous compilation.
    0 functions were new in current compilation
    1 functions had inline decision re-evaluated but remain unchanged
  Finished generating code
  Skeleton.vcxproj -> C:\Users\Dell\Documents\Grafika\Hf3\Programs\Skeleton\bin\Skeleton.exe
